<?xml version="1.0" encoding="UTF-8"?>
<!-- Generated by org.testng.reporters.JUnitReportReporter -->
<testsuite hostname="2022RMD0278.local" failures="0" tests="1" name="DemoTest" time="0.052" errors="0" timestamp="2024-03-15T03:53:45 PST" skipped="0">
  <testcase classname="DemoTest" name="test" time="0.052"/>
  <system-out/>
</testsuite> <!-- DemoTest -->
