<?xml version="1.0" encoding="UTF-8"?>
<!-- Generated by org.testng.reporters.JUnitReportReporter -->
<testsuite hostname="2022RMD0278.local" failures="0" tests="3" name="testCases.DemoTest" time="7.771" errors="0" timestamp="2024-03-16T06:09:28 PST" skipped="0">
  <testcase classname="testCases.DemoTest" name="enterCredentials" time="6.193"/>
  <system-out>
    <![CDATA[Test Result: SUCCESS]]>
  </system-out>
  <testcase classname="testCases.DemoTest" name="clickLogin" time="0.951"/>
  <system-out>
    <![CDATA[Test Result: SUCCESS]]>
  </system-out>
  <testcase classname="testCases.DemoTest" name="clearCredentials" time="0.627"/>
  <system-out>
    <![CDATA[Test Result: SUCCESS]]>
  </system-out>
</testsuite> <!-- testCases.DemoTest -->
