<?xml version="1.0" encoding="UTF-8"?>
<!-- Generated by org.testng.reporters.JUnitReportReporter -->
<testsuite hostname="2022RMD0278.local" failures="0" tests="1" name="test.DemoTest" time="0.057" errors="0" timestamp="2024-03-15T04:21:40 PST" skipped="0">
  <testcase classname="test.DemoTest" name="test" time="0.057"/>
  <system-out/>
</testsuite> <!-- test.DemoTest -->
